android/app/build/intermediates/manifest_merge_blame_file/debug/manifest-merger-blame-debug-report.txt
1<?xml version="1.0" encoding="utf-8"?>
2<manifest xmlns:android="http://schemas.android.com/apk/res/android"
3    package="com.crewport"
4    android:versionCode="1"
5    android:versionName="1.0" >
6
7    <uses-sdk
8        android:minSdkVersion="21"
9        android:targetSdkVersion="31" />
10
11    <uses-permission android:name="android.permission.SYSTEM_ALERT_WINDOW" />
11-->src\main\AndroidManifest.xml:13:1-74
11-->src\main\AndroidManifest.xml:13:18-71
12    <uses-permission android:name="android.permission.CAMERA" />
12-->src\debug\AndroidManifest.xml:6:5-64
12-->src\debug\AndroidManifest.xml:6:22-62
13    <uses-permission android:name="android.permission.WRITE_EXTERNAL_STORAGE" />
13-->src\main\AndroidManifest.xml:8:5-81
13-->src\main\AndroidManifest.xml:8:22-78
14    <uses-permission android:name="android.permission.READ_EXTERNAL_STORAGE" />
14-->src\main\AndroidManifest.xml:7:5-80
14-->src\main\AndroidManifest.xml:7:22-77
15    <uses-permission android:name="android.permission.INTERNET" />
15-->src\main\AndroidManifest.xml:4:5-67
15-->src\main\AndroidManifest.xml:4:22-64
16    <uses-permission android:name="android.permission.ACCESS_COARSE_LOCATION" />
16-->src\main\AndroidManifest.xml:5:5-81
16-->src\main\AndroidManifest.xml:5:22-78
17    <uses-permission android:name="android.permission.ACCESS_FINE_LOCATION" />
17-->src\main\AndroidManifest.xml:6:5-79
17-->src\main\AndroidManifest.xml:6:22-76
18    <uses-permission android:name="android.permission.DOWNLOAD_WITHOUT_NOTIFICATION" />
18-->src\main\AndroidManifest.xml:9:5-88
18-->src\main\AndroidManifest.xml:9:22-85
19    <uses-permission android:name="android.permission.NOTIFICATION_POLICY_ACCESS_SETTINGS" />
19-->src\main\AndroidManifest.xml:10:5-94
19-->src\main\AndroidManifest.xml:10:22-91
20    <uses-permission android:name="android.permission.VIBRATE" />
20-->src\main\AndroidManifest.xml:12:1-62
20-->src\main\AndroidManifest.xml:12:18-59
21    <uses-permission android:name="android.permission.WAKE_LOCK" />
21-->src\main\AndroidManifest.xml:14:1-64
21-->src\main\AndroidManifest.xml:14:18-61
22    <uses-permission android:name="android.permission.RECEIVE_BOOT_COMPLETED" />
22-->src\main\AndroidManifest.xml:15:1-77
22-->src\main\AndroidManifest.xml:15:18-74
23    <uses-permission android:name="android.permission.INTERNET" />
23-->src\main\AndroidManifest.xml:4:5-67
23-->src\main\AndroidManifest.xml:4:22-64
24    <uses-permission android:name="android.permission.SCHEDULE_EXACT_ALARM" />
24-->src\main\AndroidManifest.xml:17:1-75
24-->src\main\AndroidManifest.xml:17:18-72
25    <uses-permission android:name="android.permission.SET_ALARM" />
25-->src\main\AndroidManifest.xml:18:1-64
25-->src\main\AndroidManifest.xml:18:18-61
26    <uses-permission android:name="android.permission.ACCESS_NETWORK_STATE" />
26-->src\main\AndroidManifest.xml:20:1-75
26-->src\main\AndroidManifest.xml:20:18-72
27    <uses-permission android:name="android.permission.BLUETOOTH" />
27-->src\main\AndroidManifest.xml:22:1-64
27-->src\main\AndroidManifest.xml:22:18-61
28    <uses-permission android:name="android.permission.BLUETOOTH_ADMIN" /> <!-- Add other permissions your app may need -->
28-->src\main\AndroidManifest.xml:23:1-70
28-->src\main\AndroidManifest.xml:23:18-67
29    <queries>
29-->src\main\AndroidManifest.xml:33:5-38:15
30        <intent>
30-->src\main\AndroidManifest.xml:34:5-37:14
31            <action android:name="android.intent.action.VIEW" />
31-->src\main\AndroidManifest.xml:35:9-61
31-->src\main\AndroidManifest.xml:35:17-58
32
33            <data android:mimeType="*/*" />
33-->src\main\AndroidManifest.xml:36:9-40
33-->src\main\AndroidManifest.xml:36:15-37
34        </intent>
35    </queries>
36
37    <uses-permission android:name="android.permission.ACCESS_WIFI_STATE" /> <!-- Required to access Google Play Licensing -->
37-->[com.facebook.flipper:flipper:0.125.0] AndroidManifest.xml:16:5-76
37-->[com.facebook.flipper:flipper:0.125.0] AndroidManifest.xml:16:22-73
38    <uses-permission android:name="com.android.vending.CHECK_LICENSE" />
38-->[:rn-fetch-blob] AndroidManifest.xml:10:5-73
38-->[:rn-fetch-blob] AndroidManifest.xml:10:22-70
39    <uses-permission android:name="android.permission.POST_NOTIFICATIONS" /> <!-- Required by older versions of Google Play services to create IID tokens -->
39-->[com.google.firebase:firebase-messaging:23.2.1] AndroidManifest.xml:23:5-77
39-->[com.google.firebase:firebase-messaging:23.2.1] AndroidManifest.xml:23:22-74
40    <uses-permission android:name="com.google.android.c2dm.permission.RECEIVE" />
40-->[com.google.firebase:firebase-messaging:23.2.1] AndroidManifest.xml:26:5-82
40-->[com.google.firebase:firebase-messaging:23.2.1] AndroidManifest.xml:26:22-79
41    <uses-permission android:name="com.google.android.gms.permission.AD_ID" /> <!-- for android -->
41-->[com.google.android.gms:play-services-measurement-api:21.3.0] AndroidManifest.xml:25:5-79
41-->[com.google.android.gms:play-services-measurement-api:21.3.0] AndroidManifest.xml:25:22-76
42    <!-- <uses-permission android:name="com.android.launcher.permission.READ_SETTINGS"/> -->
43    <!-- <uses-permission android:name="com.android.launcher.permission.WRITE_SETTINGS"/> -->
44    <!-- <uses-permission android:name="com.android.launcher.permission.INSTALL_SHORTCUT" /> -->
45    <!-- <uses-permission android:name="com.android.launcher.permission.UNINSTALL_SHORTCUT" /> -->
46    <!-- for Samsung -->
47    <uses-permission android:name="com.sec.android.provider.badge.permission.READ" />
47-->[me.leolin:ShortcutBadger:1.1.22] AndroidManifest.xml:19:5-86
47-->[me.leolin:ShortcutBadger:1.1.22] AndroidManifest.xml:19:22-83
48    <uses-permission android:name="com.sec.android.provider.badge.permission.WRITE" /> <!-- for htc -->
48-->[me.leolin:ShortcutBadger:1.1.22] AndroidManifest.xml:20:5-87
48-->[me.leolin:ShortcutBadger:1.1.22] AndroidManifest.xml:20:22-84
49    <uses-permission android:name="com.htc.launcher.permission.READ_SETTINGS" />
49-->[me.leolin:ShortcutBadger:1.1.22] AndroidManifest.xml:23:5-81
49-->[me.leolin:ShortcutBadger:1.1.22] AndroidManifest.xml:23:22-78
50    <uses-permission android:name="com.htc.launcher.permission.UPDATE_SHORTCUT" /> <!-- for sony -->
50-->[me.leolin:ShortcutBadger:1.1.22] AndroidManifest.xml:24:5-83
50-->[me.leolin:ShortcutBadger:1.1.22] AndroidManifest.xml:24:22-80
51    <uses-permission android:name="com.sonyericsson.home.permission.BROADCAST_BADGE" />
51-->[me.leolin:ShortcutBadger:1.1.22] AndroidManifest.xml:27:5-88
51-->[me.leolin:ShortcutBadger:1.1.22] AndroidManifest.xml:27:22-85
52    <uses-permission android:name="com.sonymobile.home.permission.PROVIDER_INSERT_BADGE" /> <!-- for apex -->
52-->[me.leolin:ShortcutBadger:1.1.22] AndroidManifest.xml:28:5-92
52-->[me.leolin:ShortcutBadger:1.1.22] AndroidManifest.xml:28:22-89
53    <uses-permission android:name="com.anddoes.launcher.permission.UPDATE_COUNT" /> <!-- for solid -->
53-->[me.leolin:ShortcutBadger:1.1.22] AndroidManifest.xml:31:5-84
53-->[me.leolin:ShortcutBadger:1.1.22] AndroidManifest.xml:31:22-81
54    <uses-permission android:name="com.majeur.launcher.permission.UPDATE_BADGE" /> <!-- for huawei -->
54-->[me.leolin:ShortcutBadger:1.1.22] AndroidManifest.xml:34:5-83
54-->[me.leolin:ShortcutBadger:1.1.22] AndroidManifest.xml:34:22-80
55    <uses-permission android:name="com.huawei.android.launcher.permission.CHANGE_BADGE" />
55-->[me.leolin:ShortcutBadger:1.1.22] AndroidManifest.xml:37:5-91
55-->[me.leolin:ShortcutBadger:1.1.22] AndroidManifest.xml:37:22-88
56    <uses-permission android:name="com.huawei.android.launcher.permission.READ_SETTINGS" />
56-->[me.leolin:ShortcutBadger:1.1.22] AndroidManifest.xml:38:5-92
56-->[me.leolin:ShortcutBadger:1.1.22] AndroidManifest.xml:38:22-89
57    <uses-permission android:name="com.huawei.android.launcher.permission.WRITE_SETTINGS" /> <!-- for ZUK -->
57-->[me.leolin:ShortcutBadger:1.1.22] AndroidManifest.xml:39:5-93
57-->[me.leolin:ShortcutBadger:1.1.22] AndroidManifest.xml:39:22-90
58    <uses-permission android:name="android.permission.READ_APP_BADGE" /> <!-- for OPPO -->
58-->[me.leolin:ShortcutBadger:1.1.22] AndroidManifest.xml:42:5-73
58-->[me.leolin:ShortcutBadger:1.1.22] AndroidManifest.xml:42:22-70
59    <uses-permission android:name="com.oppo.launcher.permission.READ_SETTINGS" />
59-->[me.leolin:ShortcutBadger:1.1.22] AndroidManifest.xml:45:5-82
59-->[me.leolin:ShortcutBadger:1.1.22] AndroidManifest.xml:45:22-79
60    <uses-permission android:name="com.oppo.launcher.permission.WRITE_SETTINGS" /> <!-- for EvMe -->
60-->[me.leolin:ShortcutBadger:1.1.22] AndroidManifest.xml:46:5-83
60-->[me.leolin:ShortcutBadger:1.1.22] AndroidManifest.xml:46:22-80
61    <uses-permission android:name="me.everything.badger.permission.BADGE_COUNT_READ" />
61-->[me.leolin:ShortcutBadger:1.1.22] AndroidManifest.xml:49:5-88
61-->[me.leolin:ShortcutBadger:1.1.22] AndroidManifest.xml:49:22-85
62    <uses-permission android:name="me.everything.badger.permission.BADGE_COUNT_WRITE" />
62-->[me.leolin:ShortcutBadger:1.1.22] AndroidManifest.xml:50:5-89
62-->[me.leolin:ShortcutBadger:1.1.22] AndroidManifest.xml:50:22-86
63    <uses-permission android:name="com.google.android.finsky.permission.BIND_GET_INSTALL_REFERRER_SERVICE" />
63-->[com.google.android.gms:play-services-measurement:21.3.0] AndroidManifest.xml:26:5-110
63-->[com.google.android.gms:play-services-measurement:21.3.0] AndroidManifest.xml:26:22-107
64
65    <application
65-->src\main\AndroidManifest.xml:40:5-94:19
66        android:name="com.crewport.MainApplication"
66-->src\main\AndroidManifest.xml:41:7-38
67        android:allowBackup="false"
67-->src\main\AndroidManifest.xml:46:7-34
68        android:appComponentFactory="androidx.core.app.CoreComponentFactory"
68-->[androidx.core:core:1.7.0] AndroidManifest.xml:24:18-86
69        android:debuggable="true"
70        android:icon="@mipmap/ic_launcher"
70-->src\main\AndroidManifest.xml:44:7-41
71        android:label="@string/app_name"
71-->src\main\AndroidManifest.xml:42:7-39
72        android:requestLegacyExternalStorage="true"
72-->src\main\AndroidManifest.xml:47:7-50
73        android:roundIcon="@mipmap/ic_launcher_round"
73-->src\main\AndroidManifest.xml:45:7-52
74        android:theme="@style/AppTheme"
74-->src\main\AndroidManifest.xml:49:7-38
75        android:usesCleartextTraffic="true" >
75-->src\main\AndroidManifest.xml:43:7-42
76        <activity
76-->src\debug\AndroidManifest.xml:14:9-111
77            android:name="com.facebook.react.devsupport.DevSettingsActivity"
77-->src\debug\AndroidManifest.xml:14:19-83
78            android:exported="false" />
78-->src\debug\AndroidManifest.xml:14:84-108
79
80        <meta-data
80-->src\main\AndroidManifest.xml:50:8-51:44
81            android:name="com.dieam.reactnativepushnotification.notification_foreground"
81-->src\main\AndroidManifest.xml:50:20-96
82            android:value="false" /> <!-- Change the resource name to your App's accent color - or any other color you want -->
82-->src\main\AndroidManifest.xml:51:21-42
83        <meta-data
83-->src\main\AndroidManifest.xml:54:9-55:54
84            android:name="com.dieam.reactnativepushnotification.notification_color"
84-->src\main\AndroidManifest.xml:54:21-92
85            android:resource="@color/white" /> <!-- or @android:color/{name} to use a standard color -->
85-->src\main\AndroidManifest.xml:55:21-52
86        <receiver android:name="com.dieam.reactnativepushnotification.modules.RNPushNotificationActions" />
86-->src\main\AndroidManifest.xml:57:9-108
86-->src\main\AndroidManifest.xml:57:19-105
87        <receiver android:name="com.dieam.reactnativepushnotification.modules.RNPushNotificationPublisher" />
87-->src\main\AndroidManifest.xml:58:9-110
87-->src\main\AndroidManifest.xml:58:19-107
88        <receiver
88-->src\main\AndroidManifest.xml:59:9-67:20
89            android:name="com.dieam.reactnativepushnotification.modules.RNPushNotificationBootEventReceiver"
89-->src\main\AndroidManifest.xml:60:5-101
90            android:exported="true" >
90-->src\main\AndroidManifest.xml:61:5-28
91            <intent-filter>
91-->src\main\AndroidManifest.xml:62:13-66:29
92                <action android:name="android.intent.action.BOOT_COMPLETED" />
92-->src\main\AndroidManifest.xml:63:17-79
92-->src\main\AndroidManifest.xml:63:25-76
93                <action android:name="android.intent.action.QUICKBOOT_POWERON" />
93-->src\main\AndroidManifest.xml:64:17-82
93-->src\main\AndroidManifest.xml:64:25-79
94                <action android:name="com.htc.intent.action.QUICKBOOT_POWERON" />
94-->src\main\AndroidManifest.xml:65:17-81
94-->src\main\AndroidManifest.xml:65:25-79
95            </intent-filter>
96        </receiver>
97
98        <service
98-->src\main\AndroidManifest.xml:69:9-75:19
99            android:name="com.dieam.reactnativepushnotification.modules.RNPushNotificationListenerService"
99-->src\main\AndroidManifest.xml:70:13-107
100            android:exported="false" >
100-->src\main\AndroidManifest.xml:71:13-37
101            <intent-filter>
101-->src\main\AndroidManifest.xml:72:13-74:29
102                <action android:name="com.google.firebase.MESSAGING_EVENT" />
102-->src\main\AndroidManifest.xml:73:17-78
102-->src\main\AndroidManifest.xml:73:25-75
103            </intent-filter>
104        </service>
105
106        <activity
106-->src\main\AndroidManifest.xml:79:7-93:18
107            android:name="com.crewport.MainActivity"
107-->src\main\AndroidManifest.xml:80:9-37
108            android:configChanges="keyboard|keyboardHidden|orientation|screenLayout|screenSize|smallestScreenSize|uiMode"
108-->src\main\AndroidManifest.xml:82:9-118
109            android:exported="true"
109-->src\main\AndroidManifest.xml:85:9-32
110            android:label="@string/app_name"
110-->src\main\AndroidManifest.xml:81:9-41
111            android:launchMode="singleTask"
111-->src\main\AndroidManifest.xml:83:9-40
112            android:windowSoftInputMode="adjustResize" >
112-->src\main\AndroidManifest.xml:84:9-51
113            <intent-filter>
113-->src\main\AndroidManifest.xml:87:9-92:25
114                <action android:name="android.intent.action.MAIN" />
114-->src\main\AndroidManifest.xml:88:13-65
114-->src\main\AndroidManifest.xml:88:21-62
115
116                <category android:name="android.intent.category.LAUNCHER" />
116-->src\main\AndroidManifest.xml:89:13-73
116-->src\main\AndroidManifest.xml:89:23-70
117
118                <action android:name="android.intent.action.BOOT_COMPLETED" />
118-->src\main\AndroidManifest.xml:63:17-79
118-->src\main\AndroidManifest.xml:63:25-76
119            </intent-filter>
120        </activity>
121
122        <service
122-->[:react-native-firebase_messaging] AndroidManifest.xml:14:9-16:40
123            android:name="io.invertase.firebase.messaging.ReactNativeFirebaseMessagingHeadlessService"
123-->[:react-native-firebase_messaging] AndroidManifest.xml:15:13-103
124            android:exported="false" />
124-->[:react-native-firebase_messaging] AndroidManifest.xml:16:13-37
125        <service
125-->[:react-native-firebase_messaging] AndroidManifest.xml:17:9-23:19
126            android:name="io.invertase.firebase.messaging.ReactNativeFirebaseMessagingService"
126-->[:react-native-firebase_messaging] AndroidManifest.xml:18:13-95
127            android:exported="false" >
127-->[:react-native-firebase_messaging] AndroidManifest.xml:19:13-37
128            <intent-filter>
128-->src\main\AndroidManifest.xml:72:13-74:29
129                <action android:name="com.google.firebase.MESSAGING_EVENT" />
129-->src\main\AndroidManifest.xml:73:17-78
129-->src\main\AndroidManifest.xml:73:25-75
130            </intent-filter>
131        </service>
132
133        <receiver
133-->[:react-native-firebase_messaging] AndroidManifest.xml:25:9-32:20
134            android:name="io.invertase.firebase.messaging.ReactNativeFirebaseMessagingReceiver"
134-->[:react-native-firebase_messaging] AndroidManifest.xml:26:13-96
135            android:exported="true"
135-->[:react-native-firebase_messaging] AndroidManifest.xml:27:13-36
136            android:permission="com.google.android.c2dm.permission.SEND" >
136-->[:react-native-firebase_messaging] AndroidManifest.xml:28:13-73
137            <intent-filter>
137-->[:react-native-firebase_messaging] AndroidManifest.xml:29:13-31:29
138                <action android:name="com.google.android.c2dm.intent.RECEIVE" />
138-->[:react-native-firebase_messaging] AndroidManifest.xml:30:17-81
138-->[:react-native-firebase_messaging] AndroidManifest.xml:30:25-78
139            </intent-filter>
140        </receiver>
141
142        <meta-data
142-->[:react-native-firebase_messaging] AndroidManifest.xml:34:9-36:36
143            android:name="firebase_messaging_auto_init_enabled"
143-->[:react-native-firebase_messaging] AndroidManifest.xml:35:13-64
144            android:value="true" />
144-->[:react-native-firebase_messaging] AndroidManifest.xml:36:13-33
145        <meta-data
145-->[:react-native-firebase_messaging] AndroidManifest.xml:37:9-39:32
146            android:name="com.google.firebase.messaging.default_notification_channel_id"
146-->[:react-native-firebase_messaging] AndroidManifest.xml:38:13-89
147            android:value="" />
147-->[:react-native-firebase_messaging] AndroidManifest.xml:39:13-29
148        <meta-data
148-->[:react-native-firebase_messaging] AndroidManifest.xml:40:9-42:47
149            android:name="com.google.firebase.messaging.default_notification_color"
149-->[:react-native-firebase_messaging] AndroidManifest.xml:41:13-84
150            android:resource="@color/white" />
150-->[:react-native-firebase_messaging] AndroidManifest.xml:42:13-44
151        <meta-data
151-->[:react-native-firebase_app] AndroidManifest.xml:11:9-13:36
152            android:name="app_data_collection_default_enabled"
152-->[:react-native-firebase_app] AndroidManifest.xml:12:13-63
153            android:value="true" />
153-->[:react-native-firebase_app] AndroidManifest.xml:13:13-33
154
155        <service
155-->[:react-native-firebase_app] AndroidManifest.xml:15:9-23:19
156            android:name="com.google.firebase.components.ComponentDiscoveryService"
156-->[:react-native-firebase_app] AndroidManifest.xml:16:13-84
157            android:directBootAware="true"
157-->[:react-native-firebase_app] AndroidManifest.xml:17:13-43
158            android:exported="false" >
158-->[:react-native-firebase_app] AndroidManifest.xml:18:13-37
159            <meta-data
159-->[:react-native-firebase_app] AndroidManifest.xml:20:13-22:85
160                android:name="com.google.firebase.components:io.invertase.firebase.app.ReactNativeFirebaseAppRegistrar"
160-->[:react-native-firebase_app] AndroidManifest.xml:21:17-120
161                android:value="com.google.firebase.components.ComponentRegistrar" />
161-->[:react-native-firebase_app] AndroidManifest.xml:22:17-82
162            <meta-data
162-->[com.google.firebase:firebase-messaging:23.2.1] AndroidManifest.xml:53:13-55:85
163                android:name="com.google.firebase.components:com.google.firebase.messaging.FirebaseMessagingRegistrar"
163-->[com.google.firebase:firebase-messaging:23.2.1] AndroidManifest.xml:54:17-119
164                android:value="com.google.firebase.components.ComponentRegistrar" />
164-->[com.google.firebase:firebase-messaging:23.2.1] AndroidManifest.xml:55:17-82
165            <meta-data
165-->[com.google.firebase:firebase-datatransport:18.1.7] AndroidManifest.xml:27:13-29:85
166                android:name="com.google.firebase.components:com.google.firebase.datatransport.TransportRegistrar"
166-->[com.google.firebase:firebase-datatransport:18.1.7] AndroidManifest.xml:28:17-115
167                android:value="com.google.firebase.components.ComponentRegistrar" />
167-->[com.google.firebase:firebase-datatransport:18.1.7] AndroidManifest.xml:29:17-82
168            <meta-data
168-->[com.google.android.gms:play-services-measurement-api:21.3.0] AndroidManifest.xml:31:13-33:85
169                android:name="com.google.firebase.components:com.google.firebase.analytics.connector.internal.AnalyticsConnectorRegistrar"
169-->[com.google.android.gms:play-services-measurement-api:21.3.0] AndroidManifest.xml:32:17-139
170                android:value="com.google.firebase.components.ComponentRegistrar" />
170-->[com.google.android.gms:play-services-measurement-api:21.3.0] AndroidManifest.xml:33:17-82
171            <meta-data
171-->[com.google.firebase:firebase-installations:17.1.4] AndroidManifest.xml:15:13-17:85
172                android:name="com.google.firebase.components:com.google.firebase.installations.FirebaseInstallationsRegistrar"
172-->[com.google.firebase:firebase-installations:17.1.4] AndroidManifest.xml:16:17-127
173                android:value="com.google.firebase.components.ComponentRegistrar" />
173-->[com.google.firebase:firebase-installations:17.1.4] AndroidManifest.xml:17:17-82
174        </service>
175
176        <provider
176-->[:react-native-firebase_app] AndroidManifest.xml:25:9-29:38
177            android:name="io.invertase.firebase.app.ReactNativeFirebaseAppInitProvider"
177-->[:react-native-firebase_app] AndroidManifest.xml:26:13-88
178            android:authorities="com.crewport.reactnativefirebaseappinitprovider"
178-->[:react-native-firebase_app] AndroidManifest.xml:27:13-86
179            android:exported="false"
179-->[:react-native-firebase_app] AndroidManifest.xml:28:13-37
180            android:initOrder="99" />
180-->[:react-native-firebase_app] AndroidManifest.xml:29:13-35
181
182        <receiver
182-->[:react-native-alarm-module] AndroidManifest.xml:10:9-14:20
183            android:name="com.reactnativealarmmodule.AlarmReceiver"
183-->[:react-native-alarm-module] AndroidManifest.xml:11:13-68
184            android:enabled="true"
184-->[:react-native-alarm-module] AndroidManifest.xml:12:13-35
185            android:exported="true" >
185-->[:react-native-alarm-module] AndroidManifest.xml:13:13-36
186        </receiver>
187
188        <service android:name="com.reactnativealarmmodule.UniversalService" />
188-->[:react-native-alarm-module] AndroidManifest.xml:16:9-79
188-->[:react-native-alarm-module] AndroidManifest.xml:16:18-76
189
190        <provider
190-->[:react-native-blob-util] AndroidManifest.xml:37:9-45:20
191            android:name="com.ReactNativeBlobUtil.Utils.FileProvider"
191-->[:react-native-blob-util] AndroidManifest.xml:38:13-70
192            android:authorities="com.crewport.provider"
192-->[:react-native-blob-util] AndroidManifest.xml:39:13-60
193            android:exported="false"
193-->[:react-native-blob-util] AndroidManifest.xml:40:13-37
194            android:grantUriPermissions="true" >
194-->[:react-native-blob-util] AndroidManifest.xml:41:13-47
195            <meta-data
195-->[:react-native-blob-util] AndroidManifest.xml:42:13-44:58
196                android:name="android.support.FILE_PROVIDER_PATHS"
196-->[:react-native-blob-util] AndroidManifest.xml:43:17-67
197                android:resource="@xml/provider_paths" />
197-->[:react-native-blob-util] AndroidManifest.xml:44:17-55
198        </provider>
199        <provider
199-->[:react-native-image-picker] AndroidManifest.xml:10:9-18:20
200            android:name="com.imagepicker.FileProvider"
200-->[:react-native-image-picker] AndroidManifest.xml:11:13-56
201            android:authorities="com.crewport.provider"
201-->[:react-native-image-picker] AndroidManifest.xml:12:13-60
202            android:exported="false"
202-->[:react-native-image-picker] AndroidManifest.xml:13:13-37
203            android:grantUriPermissions="true" >
203-->[:react-native-image-picker] AndroidManifest.xml:14:13-47
204            <meta-data
204-->[:react-native-blob-util] AndroidManifest.xml:42:13-44:58
205                android:name="android.support.FILE_PROVIDER_PATHS"
205-->[:react-native-blob-util] AndroidManifest.xml:43:17-67
206                android:resource="@xml/provider_paths" />
206-->[:react-native-blob-util] AndroidManifest.xml:44:17-55
207        </provider> <!-- A proxy-service that gives the library an opportunity to do some work before launching/resuming the actual application task. -->
208        <service android:name="com.wix.reactnativenotifications.core.ProxyService" />
208-->[:react-native-notifications] AndroidManifest.xml:12:9-86
208-->[:react-native-notifications] AndroidManifest.xml:12:18-83
209        <service
209-->[:react-native-notifications] AndroidManifest.xml:13:9-20:19
210            android:name="com.wix.reactnativenotifications.fcm.FcmInstanceIdListenerService"
210-->[:react-native-notifications] AndroidManifest.xml:14:13-93
211            android:exported="true" >
211-->[:react-native-notifications] AndroidManifest.xml:15:13-36
212            <intent-filter>
212-->[:react-native-notifications] AndroidManifest.xml:16:13-19:29
213                <action android:name="com.google.firebase.MESSAGING_EVENT" />
213-->src\main\AndroidManifest.xml:73:17-78
213-->src\main\AndroidManifest.xml:73:25-75
214                <action android:name="com.google.firebase.INSTANCE_ID_EVENT" />
214-->[:react-native-notifications] AndroidManifest.xml:18:17-80
214-->[:react-native-notifications] AndroidManifest.xml:18:25-77
215            </intent-filter>
216        </service>
217        <service
217-->[:react-native-notifications] AndroidManifest.xml:21:9-24:72
218            android:name="com.wix.reactnativenotifications.fcm.FcmInstanceIdRefreshHandlerService"
218-->[:react-native-notifications] AndroidManifest.xml:22:13-99
219            android:exported="false"
219-->[:react-native-notifications] AndroidManifest.xml:23:13-37
220            android:permission="android.permission.BIND_JOB_SERVICE" />
220-->[:react-native-notifications] AndroidManifest.xml:24:13-69
221
222        <provider
222-->[:rn-fetch-blob] AndroidManifest.xml:34:9-42:20
223            android:name="com.RNFetchBlob.Utils.FileProvider"
223-->[:rn-fetch-blob] AndroidManifest.xml:35:13-62
224            android:authorities="com.crewport.provider"
224-->[:rn-fetch-blob] AndroidManifest.xml:36:13-60
225            android:exported="false"
225-->[:rn-fetch-blob] AndroidManifest.xml:37:13-37
226            android:grantUriPermissions="true" >
226-->[:rn-fetch-blob] AndroidManifest.xml:38:13-47
227            <meta-data
227-->[:react-native-blob-util] AndroidManifest.xml:42:13-44:58
228                android:name="android.support.FILE_PROVIDER_PATHS"
228-->[:react-native-blob-util] AndroidManifest.xml:43:17-67
229                android:resource="@xml/provider_paths" />
229-->[:react-native-blob-util] AndroidManifest.xml:44:17-55
230        </provider>
231
232        <receiver
232-->[com.google.firebase:firebase-messaging:23.2.1] AndroidManifest.xml:29:9-36:20
233            android:name="com.google.firebase.iid.FirebaseInstanceIdReceiver"
233-->[com.google.firebase:firebase-messaging:23.2.1] AndroidManifest.xml:30:13-78
234            android:exported="true"
234-->[com.google.firebase:firebase-messaging:23.2.1] AndroidManifest.xml:31:13-36
235            android:permission="com.google.android.c2dm.permission.SEND" >
235-->[com.google.firebase:firebase-messaging:23.2.1] AndroidManifest.xml:32:13-73
236            <intent-filter>
236-->[:react-native-firebase_messaging] AndroidManifest.xml:29:13-31:29
237                <action android:name="com.google.android.c2dm.intent.RECEIVE" />
237-->[:react-native-firebase_messaging] AndroidManifest.xml:30:17-81
237-->[:react-native-firebase_messaging] AndroidManifest.xml:30:25-78
238            </intent-filter>
239        </receiver>
240        <!--
241             FirebaseMessagingService performs security checks at runtime,
242             but set to not exported to explicitly avoid allowing another app to call it.
243        -->
244        <service
244-->[com.google.firebase:firebase-messaging:23.2.1] AndroidManifest.xml:42:9-49:19
245            android:name="com.google.firebase.messaging.FirebaseMessagingService"
245-->[com.google.firebase:firebase-messaging:23.2.1] AndroidManifest.xml:43:13-82
246            android:directBootAware="true"
246-->[com.google.firebase:firebase-messaging:23.2.1] AndroidManifest.xml:44:13-43
247            android:exported="false" >
247-->[com.google.firebase:firebase-messaging:23.2.1] AndroidManifest.xml:45:13-37
248            <intent-filter android:priority="-500" >
248-->src\main\AndroidManifest.xml:72:13-74:29
249                <action android:name="com.google.firebase.MESSAGING_EVENT" />
249-->src\main\AndroidManifest.xml:73:17-78
249-->src\main\AndroidManifest.xml:73:25-75
250            </intent-filter>
251        </service>
252        <service
252-->[com.google.android.datatransport:transport-backend-cct:3.1.8] AndroidManifest.xml:28:9-34:19
253            android:name="com.google.android.datatransport.runtime.backends.TransportBackendDiscovery"
253-->[com.google.android.datatransport:transport-backend-cct:3.1.8] AndroidManifest.xml:29:13-103
254            android:exported="false" >
254-->[com.google.android.datatransport:transport-backend-cct:3.1.8] AndroidManifest.xml:30:13-37
255            <meta-data
255-->[com.google.android.datatransport:transport-backend-cct:3.1.8] AndroidManifest.xml:31:13-33:39
256                android:name="backend:com.google.android.datatransport.cct.CctBackendFactory"
256-->[com.google.android.datatransport:transport-backend-cct:3.1.8] AndroidManifest.xml:32:17-94
257                android:value="cct" />
257-->[com.google.android.datatransport:transport-backend-cct:3.1.8] AndroidManifest.xml:33:17-36
258        </service>
259        <service
259-->[com.google.android.datatransport:transport-runtime:3.1.8] AndroidManifest.xml:26:9-30:19
260            android:name="com.google.android.datatransport.runtime.scheduling.jobscheduling.JobInfoSchedulerService"